
> dealercommand@0.0.0 build
> vite build

[36mvite v5.4.21 [32mbuilding for production...[36m[39m
transforming...
[plugin:vite:esbuild] [plugin vite:esbuild] src/components/ui/DrillDownModal.jsx: This case clause will never be evaluated because it duplicates an earlier case clause
1662|             </div>
1663|           );
1664|        case 'Employee': {
   |             ^
1665|          const emp = getEmployeeData(item.data?.id || item.data?.name || item.data);
1666|          if (!emp) return <div className="p-8 text-white">Employee details not found.</div>;

[plugin:vite:esbuild] [plugin vite:esbuild] src/components/ui/DrillDownModal.jsx: This case clause will never be evaluated because it duplicates an earlier case clause
2064|        }
2065|  
2066|        case 'AgentRecommendation': {
   |             ^
2067|          const rec = item.data;
2068|          return (

[32mΓ£ô[39m 2235 modules transformed.
rendering chunks...
computing gzip size...
[2mdist/[22m[32mindex.html                 [39m[1m[2m  0.40 kB[22m[1m[22m[2m Γöé gzip:   0.28 kB[22m
[2mdist/[22m[32massets/logo-B0X9lXHe.png   [39m[1m[2m 68.49 kB[22m[1m[22m
[2mdist/[22m[35massets/index-Dd2QglYh.css  [39m[1m[2m 86.28 kB[22m[1m[22m[2m Γöé gzip:  12.93 kB[22m
[2mdist/[22m[36massets/index-D2tuDu7R.js   [39m[1m[33m982.60 kB[39m[22m[2m Γöé gzip: 250.68 kB[22m

(!) Some chunks are larger than 500 kB after minification. Consider:
- Using dynamic import() to code-split the application
- Use build.rollupOptions.output.manualChunks to improve chunking: https://rollupjs.org/configuration-options/#output-manualchunks
- Adjust chunk size limit for this warning via build.chunkSizeWarningLimit.
[32mΓ£ô built in 2.54s[39m
