
> dealercommand@0.0.0 build
> vite build

[36mvite v5.4.21 [32mbuilding for production...[36m[39m
transforming...
[32mΓ£ô[39m 4 modules transformed.
x Build failed in 153ms
error during build:
[vite:esbuild] Transform failed with 1 error:
C:/dev/github/business/FriendlyPowerSports/src/App.jsx:2717:1: ERROR: Syntax error "n"
file: C:/dev/github/business/FriendlyPowerSports/src/App.jsx:2717:1

Syntax error "n"
2715|  
2716|  export default AppWrapper;
2717|  \nimport { EmployeeHubModule } from './components/ui/EmployeeHubModule';
   |   ^

    at failureErrorWithLog (C:\dev\github\business\FriendlyPowerSports\node_modules\esbuild\lib\main.js:1472:15)
    at C:\dev\github\business\FriendlyPowerSports\node_modules\esbuild\lib\main.js:755:50
    at responseCallbacks.<computed> (C:\dev\github\business\FriendlyPowerSports\node_modules\esbuild\lib\main.js:622:9)
    at handleIncomingPacket (C:\dev\github\business\FriendlyPowerSports\node_modules\esbuild\lib\main.js:677:12)
    at Socket.readFromStdout (C:\dev\github\business\FriendlyPowerSports\node_modules\esbuild\lib\main.js:600:7)
    at Socket.emit (node:events:508:28)
    at addChunk (node:internal/streams/readable:563:12)
    at readableAddChunkPushByteMode (node:internal/streams/readable:514:3)
    at Readable.push (node:internal/streams/readable:394:5)
    at Pipe.onStreamRead (node:internal/stream_base_commons:189:23)
