
> dealercommand@0.0.0 build
> vite build

[36mvite v5.4.21 [32mbuilding for production...[36m[39m
transforming...
[plugin:vite:esbuild] [plugin vite:esbuild] src/components/ui/DrillDownModal.jsx: This case clause will never be evaluated because it duplicates an earlier case clause
2529|          );
2530|  
2531|        case 'Lender':
   |             ^
2532|          return (
2533|            <div className="space-y-6">

[plugin:vite:esbuild] [plugin vite:esbuild] src/components/ui/DrillDownModal.jsx: This case clause will never be evaluated because it duplicates an earlier case clause
2584|          );
2585|  
2586|        case 'CRM_Customer360':
   |             ^
2587|          return (
2588|            <div className="space-y-6">

[plugin:vite:esbuild] [plugin vite:esbuild] src/components/ui/DrillDownModal.jsx: This case clause will never be evaluated because it duplicates an earlier case clause
2658|          );
2659|  
2660|        case 'InventoryUnit':
   |             ^
2661|          return (
2662|            <div className="space-y-6">

[32mΓ£ô[39m 2247 modules transformed.
rendering chunks...
computing gzip size...
[2mdist/[22m[32mindex.html                 [39m[1m[2m    0.40 kB[22m[1m[22m[2m Γöé gzip:   0.28 kB[22m
[2mdist/[22m[32massets/logo-B0X9lXHe.png   [39m[1m[2m   68.49 kB[22m[1m[22m
[2mdist/[22m[35massets/index-BmdU2tjy.css  [39m[1m[2m  101.19 kB[22m[1m[22m[2m Γöé gzip:  14.66 kB[22m
[2mdist/[22m[36massets/index-MEJgdBZz.js   [39m[1m[33m1,170.56 kB[39m[22m[2m Γöé gzip: 285.71 kB[22m

(!) Some chunks are larger than 500 kB after minification. Consider:
- Using dynamic import() to code-split the application
- Use build.rollupOptions.output.manualChunks to improve chunking: https://rollupjs.org/configuration-options/#output-manualchunks
- Adjust chunk size limit for this warning via build.chunkSizeWarningLimit.
[32mΓ£ô built in 4.65s[39m
