
> dealercommand@0.0.0 build
> vite build

[36mvite v5.4.21 [32mbuilding for production...[36m[39m
transforming...
[plugin:vite:esbuild] [plugin vite:esbuild] src/components/ui/DrillDownModal.jsx: This case clause will never be evaluated because it duplicates an earlier case clause
2365|          );
2366|  
2367|        case 'Report': {
   |             ^
2368|          const reportName = item.data.name || item.data.metric || 'Detailed Analytics';
2369|          

[32mΓ£ô[39m 2246 modules transformed.
rendering chunks...
computing gzip size...
[2mdist/[22m[32mindex.html                 [39m[1m[2m    0.40 kB[22m[1m[22m[2m Γöé gzip:   0.28 kB[22m

(!) Some chunks are larger than 500 kB after minification. Consider:
- Using dynamic import() to code-split the application
- Use build.rollupOptions.output.manualChunks to improve chunking: https://rollupjs.org/configuration-options/#output-manualchunks
- Adjust chunk size limit for this warning via build.chunkSizeWarningLimit.
[2mdist/[22m[32massets/logo-B0X9lXHe.png   [39m[1m[2m   68.49 kB[22m[1m[22m
[2mdist/[22m[35massets/index-Bjfzh0CZ.css  [39m[1m[2m   97.92 kB[22m[1m[22m[2m Γöé gzip:  14.28 kB[22m
[2mdist/[22m[36massets/index-B8Ezhcr_.js   [39m[1m[33m1,145.41 kB[39m[22m[2m Γöé gzip: 281.53 kB[22m
[32mΓ£ô built in 2.73s[39m
