
> dealercommand@0.0.0 build
> vite build

[36mvite v5.4.21 [32mbuilding for production...[36m[39m
transforming...
[32mΓ£ô[39m 44 modules transformed.
x Build failed in 413ms
error during build:
[vite:esbuild] Transform failed with 1 error:
C:/dev/github/business/FriendlyPowerSports/src/components/ui/EmployeeHubModule.jsx:126:224: ERROR: Syntax error "`"
file: C:/dev/github/business/FriendlyPowerSports/src/components/ui/EmployeeHubModule.jsx:126:224

Syntax error "`"
124|                           </div>
125|                           <div className="w-full bg-black h-2.5 rounded-full overflow-hidden border border-border">
126|                              <div className={`h-full rounded-full transition-all duration-1000 ${rep.isMe ? 'bg-gradient-to-r from-gold-dim to-gold shadow-[0_0_10px_rgba(201,168,76,0.8)]' : 'bg-green-500'}`} style={{ width: \`\${Math.min(100, (rep.units / rep.target) * 100)}%\`}}></div>
   |                                                                                                                                                                                                                                  ^
127|                           </div>
128|                        </div>

    at failureErrorWithLog (C:\dev\github\business\FriendlyPowerSports\node_modules\esbuild\lib\main.js:1472:15)
    at C:\dev\github\business\FriendlyPowerSports\node_modules\esbuild\lib\main.js:755:50
    at responseCallbacks.<computed> (C:\dev\github\business\FriendlyPowerSports\node_modules\esbuild\lib\main.js:622:9)
    at handleIncomingPacket (C:\dev\github\business\FriendlyPowerSports\node_modules\esbuild\lib\main.js:677:12)
    at Socket.readFromStdout (C:\dev\github\business\FriendlyPowerSports\node_modules\esbuild\lib\main.js:600:7)
    at Socket.emit (node:events:508:28)
    at addChunk (node:internal/streams/readable:563:12)
    at readableAddChunkPushByteMode (node:internal/streams/readable:514:3)
    at Readable.push (node:internal/streams/readable:394:5)
    at Pipe.onStreamRead (node:internal/stream_base_commons:189:23)
