
> dealercommand@0.0.0 build
> vite build

[36mvite v5.4.21 [32mbuilding for production...[36m[39m
transforming...
[plugin:vite:esbuild] [plugin vite:esbuild] src/components/ui/DrillDownModal.jsx: This case clause will never be evaluated because it duplicates an earlier case clause
1423|             </div>
1424|           );
1425|        case 'Employee': {
   |             ^
1426|          const emp = getEmployeeData(item.data?.id || item.data?.name || item.data);
1427|          if (!emp) return <div className="p-8 text-white">Employee details not found.</div>;

[plugin:vite:esbuild] [plugin vite:esbuild] src/components/ui/DrillDownModal.jsx: This case clause will never be evaluated because it duplicates an earlier case clause
1474|        }
1475|        
1476|        case 'Lender': {
   |             ^
1477|          const lender = getLenderData(item.data?.name || item.data);
1478|          if (!lender) return <div className="p-8 text-white">Lender details not found.</div>;

src/components/ui/InventoryModule.jsx (2:76): "Drill" is not exported by "node_modules/lucide-react/dist/esm/lucide-react.js", imported by "src/components/ui/InventoryModule.jsx".
[32mΓ£ô[39m 2245 modules transformed.
rendering chunks...
computing gzip size...
[2mdist/[22m[32mindex.html                 [39m[1m[2m    0.40 kB[22m[1m[22m[2m Γöé gzip:   0.28 kB[22m
[2mdist/[22m[32massets/logo-B0X9lXHe.png   [39m[1m[2m   68.49 kB[22m[1m[22m
[2mdist/[22m[35massets/index-Q053IbC5.css  [39m[1m[2m   95.22 kB[22m[1m[22m[2m Γöé gzip:  14.00 kB[22m
[2mdist/[22m[36massets/index-NDZkQvud.js   [39m[1m[33m1,116.76 kB[39m[22m[2m Γöé gzip: 276.01 kB[22m

(!) Some chunks are larger than 500 kB after minification. Consider:
- Using dynamic import() to code-split the application
- Use build.rollupOptions.output.manualChunks to improve chunking: https://rollupjs.org/configuration-options/#output-manualchunks
- Adjust chunk size limit for this warning via build.chunkSizeWarningLimit.
[32mΓ£ô built in 2.73s[39m
