
> dealercommand@0.0.0 build
> vite build

[36mvite v5.4.21 [32mbuilding for production...[36m[39m
transforming...
[plugin:vite:esbuild] [plugin vite:esbuild] src/components/ui/DrillDownModal.jsx: This case clause will never be evaluated because it duplicates an earlier case clause
1973|  
1974|        case 'OEM':
1975|        case 'Financials': {
   |             ^
1976|          const title = item.data.label || item.data.name || 'Financial Ledger Detail';
1977|          return (

[plugin:vite:esbuild] [plugin vite:esbuild] src/components/ui/DrillDownModal.jsx: This case clause will never be evaluated because it duplicates an earlier case clause
2017|        }
2018|        
2019|        case 'InventoryUnit': {
   |             ^
2020|          return (
2021|            <div className="space-y-6">

[32mΓ£ô[39m 2246 modules transformed.
rendering chunks...
computing gzip size...
[2mdist/[22m[32mindex.html                 [39m[1m[2m    0.40 kB[22m[1m[22m[2m Γöé gzip:   0.28 kB[22m
[2mdist/[22m[32massets/logo-B0X9lXHe.png   [39m[1m[2m   68.49 kB[22m[1m[22m
[2mdist/[22m[35massets/index-0zk6rBxg.css  [39m[1m[2m   95.20 kB[22m[1m[22m[2m Γöé gzip:  13.97 kB[22m
[2mdist/[22m[36massets/index-dPqzfehv.js   [39m[1m[33m1,129.74 kB[39m[22m[2m Γöé gzip: 278.71 kB[22m

(!) Some chunks are larger than 500 kB after minification. Consider:
- Using dynamic import() to code-split the application
- Use build.rollupOptions.output.manualChunks to improve chunking: https://rollupjs.org/configuration-options/#output-manualchunks
- Adjust chunk size limit for this warning via build.chunkSizeWarningLimit.
[32mΓ£ô built in 2.92s[39m
